Using pre-set license
Built from '2022.3/staging' branch; Version is '2022.3.11f1 (d00248457e15) revision 13632072'; Using compiler version '192829333'; Build Type 'Release'
OS: 'Windows 11  (10.0.22621) 64bit CoreSingleLanguage' Language: 'tr' Physical Memory: 16052 MB
BatchMode: 1, IsHumanControllingUs: 0, StartBugReporterOnCrash: 0, Is64bit: 1, IsPro: 1

COMMAND LINE ARGUMENTS:
C:\Program Files\Unity\Hub\Editor\2022.3.11f1\Editor\Unity.exe
-adb2
-batchMode
-noUpm
-name
AssetImportWorker3
-projectPath
C:/Users/murat/Project_Jam
-logFile
Logs/AssetImportWorker3.log
-srvPort
53253
Successfully changed project path to: C:/Users/murat/Project_Jam
C:/Users/murat/Project_Jam
[UnityMemory] Configuration Parameters - Can be set up in boot.config
    "memorysetup-bucket-allocator-granularity=16"
    "memorysetup-bucket-allocator-bucket-count=8"
    "memorysetup-bucket-allocator-block-size=33554432"
    "memorysetup-bucket-allocator-block-count=8"
    "memorysetup-main-allocator-block-size=16777216"
    "memorysetup-thread-allocator-block-size=16777216"
    "memorysetup-gfx-main-allocator-block-size=16777216"
    "memorysetup-gfx-thread-allocator-block-size=16777216"
    "memorysetup-cache-allocator-block-size=4194304"
    "memorysetup-typetree-allocator-block-size=2097152"
    "memorysetup-profiler-bucket-allocator-granularity=16"
    "memorysetup-profiler-bucket-allocator-bucket-count=8"
    "memorysetup-profiler-bucket-allocator-block-size=33554432"
    "memorysetup-profiler-bucket-allocator-block-count=8"
    "memorysetup-profiler-allocator-block-size=16777216"
    "memorysetup-profiler-editor-allocator-block-size=1048576"
    "memorysetup-temp-allocator-size-main=16777216"
    "memorysetup-job-temp-allocator-block-size=2097152"
    "memorysetup-job-temp-allocator-block-size-background=1048576"
    "memorysetup-job-temp-allocator-reduction-small-platforms=262144"
    "memorysetup-allocator-temp-initial-block-size-main=262144"
    "memorysetup-allocator-temp-initial-block-size-worker=262144"
    "memorysetup-temp-allocator-size-background-worker=32768"
    "memorysetup-temp-allocator-size-job-worker=262144"
    "memorysetup-temp-allocator-size-preload-manager=33554432"
    "memorysetup-temp-allocator-size-nav-mesh-worker=65536"
    "memorysetup-temp-allocator-size-audio-worker=65536"
    "memorysetup-temp-allocator-size-cloud-worker=32768"
    "memorysetup-temp-allocator-size-gi-baking-worker=262144"
    "memorysetup-temp-allocator-size-gfx=262144"
Player connection [19992] Host "[IP] 192.168.1.28 [Port] 0 [Flags] 2 [Guid] 2744377313 [EditorId] 2744377313 [Version] 1048832 [Id] WindowsEditor(7,anubis) [Debug] 1 [PackageName] WindowsEditor [ProjectName] Editor" joined multi-casting on [225.0.0.222:54997]...

Player connection [19992] Host "[IP] 192.168.1.28 [Port] 0 [Flags] 2 [Guid] 2744377313 [EditorId] 2744377313 [Version] 1048832 [Id] WindowsEditor(7,anubis) [Debug] 1 [PackageName] WindowsEditor [ProjectName] Editor" joined alternative multi-casting on [225.0.0.222:34997]...

[Physics::Module] Initialized MultithreadedJobDispatcher with 15 workers.
Refreshing native plugins compatible for Editor in 8.98 ms, found 4 plugins.
Preloading 0 native plugins for Editor in 0.00 ms.
Initialize engine version: 2022.3.11f1 (d00248457e15)
[Subsystems] Discovering subsystems at path C:/Program Files/Unity/Hub/Editor/2022.3.11f1/Editor/Data/Resources/UnitySubsystems
[Subsystems] Discovering subsystems at path C:/Users/murat/Project_Jam/Assets
GfxDevice: creating device client; threaded=0; jobified=0
Direct3D:
    Version:  Direct3D 11.0 [level 11.1]
    Renderer: NVIDIA GeForce RTX 3060 Laptop GPU (ID=0x2520)
    Vendor:   NVIDIA
    VRAM:     6010 MB
    Driver:   31.0.15.4633
Initialize mono
Mono path[0] = 'C:/Program Files/Unity/Hub/Editor/2022.3.11f1/Editor/Data/Managed'
Mono path[1] = 'C:/Program Files/Unity/Hub/Editor/2022.3.11f1/Editor/Data/MonoBleedingEdge/lib/mono/unityjit-win32'
Mono config path = 'C:/Program Files/Unity/Hub/Editor/2022.3.11f1/Editor/Data/MonoBleedingEdge/etc'
Using monoOptions --debugger-agent=transport=dt_socket,embedding=1,server=y,suspend=n,address=127.0.0.1:56944
Begin MonoManager ReloadAssembly
Registering precompiled unity dll's ...
Register platform support module: C:/Program Files/Unity/Hub/Editor/2022.3.11f1/Editor/Data/PlaybackEngines/WebGLSupport/UnityEditor.WebGL.Extensions.dll
Register platform support module: C:/Program Files/Unity/Hub/Editor/2022.3.11f1/Editor/Data/PlaybackEngines/WindowsStandaloneSupport/UnityEditor.WindowsStandalone.Extensions.dll
Registered in 0.007816 seconds.
- Loaded All Assemblies, in  0.331 seconds
Native extension for WindowsStandalone target not found
Native extension for WebGL target not found
Mono: successfully reloaded assembly
- Finished resetting the current domain, in  0.250 seconds
Domain Reload Profiling: 579ms
	BeginReloadAssembly (103ms)
		ExecutionOrderSort (0ms)
		DisableScriptedObjects (0ms)
		BackupInstance (0ms)
		ReleaseScriptingObjects (0ms)
		CreateAndSetChildDomain (1ms)
	RebuildCommonClasses (29ms)
	RebuildNativeTypeToScriptingClass (9ms)
	initialDomainReloadingComplete (60ms)
	LoadAllAssembliesAndSetupDomain (129ms)
		LoadAssemblies (102ms)
		RebuildTransferFunctionScriptingTraits (0ms)
		AnalyzeDomain (127ms)
			TypeCache.Refresh (125ms)
				TypeCache.ScanAssembly (113ms)
			ScanForSourceGeneratedMonoScriptInfo (0ms)
			ResolveRequiredComponents (1ms)
	FinalizeReload (250ms)
		ReleaseScriptCaches (0ms)
		RebuildScriptCaches (0ms)
		SetupLoadedEditorAssemblies (193ms)
			LogAssemblyErrors (0ms)
			InitializePlatformSupportModulesInManaged (10ms)
			SetLoadedEditorAssemblies (6ms)
			RefreshPlugins (0ms)
			BeforeProcessingInitializeOnLoad (3ms)
			ProcessInitializeOnLoadAttributes (125ms)
			ProcessInitializeOnLoadMethodAttributes (49ms)
			AfterProcessingInitializeOnLoad (0ms)
			EditorAssembliesLoaded (0ms)
		ExecutionOrderSort2 (0ms)
		AwakeInstancesAfterBackupRestoration (0ms)
========================================================================
Worker process is ready to serve import requests
Begin MonoManager ReloadAssembly
- Loaded All Assemblies, in  0.618 seconds
Refreshing native plugins compatible for Editor in 4.13 ms, found 4 plugins.
Native extension for WindowsStandalone target not found
Native extension for WebGL target not found
Package Manager log level set to [2]
[Package Manager] Server::EnsureServerProcessIsRunning -- launch failed, reason: Unity was launched with the -noUpm command-line argument
[Package Manager] UpmClient::Send -- Unable to send message (not connected to UPM process).
[Package Manager] Cannot connect to Unity Package Manager local server
Mono: successfully reloaded assembly
- Finished resetting the current domain, in  0.715 seconds
Domain Reload Profiling: 1331ms
	BeginReloadAssembly (143ms)
		ExecutionOrderSort (0ms)
		DisableScriptedObjects (5ms)
		BackupInstance (0ms)
		ReleaseScriptingObjects (0ms)
		CreateAndSetChildDomain (22ms)
	RebuildCommonClasses (28ms)
	RebuildNativeTypeToScriptingClass (8ms)
	initialDomainReloadingComplete (40ms)
	LoadAllAssembliesAndSetupDomain (395ms)
		LoadAssemblies (322ms)
		RebuildTransferFunctionScriptingTraits (0ms)
		AnalyzeDomain (158ms)
			TypeCache.Refresh (135ms)
				TypeCache.ScanAssembly (121ms)
			ScanForSourceGeneratedMonoScriptInfo (19ms)
			ResolveRequiredComponents (3ms)
	FinalizeReload (716ms)
		ReleaseScriptCaches (0ms)
		RebuildScriptCaches (0ms)
		SetupLoadedEditorAssemblies (572ms)
			LogAssemblyErrors (0ms)
			InitializePlatformSupportModulesInManaged (7ms)
			SetLoadedEditorAssemblies (3ms)
			RefreshPlugins (0ms)
			BeforeProcessingInitializeOnLoad (59ms)
			ProcessInitializeOnLoadAttributes (460ms)
			ProcessInitializeOnLoadMethodAttributes (37ms)
			AfterProcessingInitializeOnLoad (5ms)
			EditorAssembliesLoaded (0ms)
		ExecutionOrderSort2 (0ms)
		AwakeInstancesAfterBackupRestoration (6ms)
Launched and connected shader compiler UnityShaderCompiler.exe after 0.06 seconds
Refreshing native plugins compatible for Editor in 5.00 ms, found 4 plugins.
Preloading 0 native plugins for Editor in 0.00 ms.
Unloading 4398 Unused Serialized files (Serialized files now loaded: 0)
Unloading 77 unused Assets / (246.7 KB). Loaded Objects now: 4856.
Memory consumption went from 151.0 MB to 150.8 MB.
Total: 4.194000 ms (FindLiveObjects: 0.240400 ms CreateObjectMapping: 0.123200 ms MarkObjects: 3.586200 ms  DeleteObjects: 0.242800 ms)

AssetImportParameters requested are different than current active one (requested -> active):
  custom:container-demuxer-ogg: 62fdf1f143b41e24485cea50d1cbac27 -> 
  custom:video-codec-MediaFoundation-h265: 746d11721c4dcdbdad8f713fa42b33f4 -> 
  custom:video-decoder-ogg-theora: a1e56fd34408186e4bbccfd4996cb3dc -> 
  custom:framework-win-MediaFoundation: 216162199b28c13a410421893ffa2e32 -> 
  custom:CustomObjectIndexerAttribute: 756ad292c208cfabdd7b50bc23989ffe -> 
  custom:container-demuxer-webm: 4f35f7cbe854078d1ac9338744f61a02 -> 
  custom:container-muxer-webm: aa71ff27fc2769a1b78a27578f13a17b -> 
  custom:video-decoder-webm-vp8: 9c59270c3fd7afecdb556c50c9e8de78 -> 
  custom:SearchIndexIgnoredProperties: e643bd26f0fe6173181afceb89e7c659 -> 
  custom:AudioImporter_EditorPlatform: d09bf68614088b80899f8185d706f6e7 -> 
  custom:video-encoder-webm-vp8: eb34c28f22e8b96e1ab97ce403110664 -> 
  custom:audio-decoder-ogg-vorbis: bf7c407c2cedff20999df2af8eb42d56 -> 
  custom:audio-encoder-webm-vorbis: bf7c407c2cedff20999df2af8eb42d56 -> 
========================================================================
Received Import Request.
  Time since last request: 24603.643422 seconds.
  path: Assets/Tileset/Lava/tileset_lava_2.asset
  artifactKey: Guid(01dffd7b6adcf0d4d97fe57b85e68b91) Importer(815301076,1909f56bfc062723c751e8b465ee728b)
Start importing Assets/Tileset/Lava/tileset_lava_2.asset using Guid(01dffd7b6adcf0d4d97fe57b85e68b91) Importer(815301076,1909f56bfc062723c751e8b465ee728b)  -> (artifact id: 'e1cac3fbab37d7de341eff2499996b64') in 0.083492 seconds
Number of updated asset objects reloaded before import = 0
Number of asset objects unloaded after import = 3
========================================================================
Received Import Request.
  Time since last request: 7.396996 seconds.
  path: Assets/Tileset/Lava/lava_26.asset
  artifactKey: Guid(7cd3d0370cc70fd44841dce98be641e2) Importer(815301076,1909f56bfc062723c751e8b465ee728b)
Start importing Assets/Tileset/Lava/lava_26.asset using Guid(7cd3d0370cc70fd44841dce98be641e2) Importer(815301076,1909f56bfc062723c751e8b465ee728b)  -> (artifact id: '48b7f1c13821b3f36ac53f2329452527') in 0.012397 seconds
Number of updated asset objects reloaded before import = 0
Number of asset objects unloaded after import = 3
========================================================================
Received Import Request.
  Time since last request: 0.000046 seconds.
  path: Assets/Tileset/Lava/lava_30.asset
  artifactKey: Guid(37a08d5b5159c2e44afef415cebb18f1) Importer(815301076,1909f56bfc062723c751e8b465ee728b)
Start importing Assets/Tileset/Lava/lava_30.asset using Guid(37a08d5b5159c2e44afef415cebb18f1) Importer(815301076,1909f56bfc062723c751e8b465ee728b)  -> (artifact id: 'c365218bcbbd2841c7702af0d887d97c') in 0.012141 seconds
Number of updated asset objects reloaded before import = 0
Number of asset objects unloaded after import = 3
========================================================================
Received Import Request.
  Time since last request: 0.001389 seconds.
  path: Assets/Tileset/Lava/lava_35.asset
  artifactKey: Guid(8dae9806bd87a3d439255037caa54ff6) Importer(815301076,1909f56bfc062723c751e8b465ee728b)
Start importing Assets/Tileset/Lava/lava_35.asset using Guid(8dae9806bd87a3d439255037caa54ff6) Importer(815301076,1909f56bfc062723c751e8b465ee728b)  -> (artifact id: '09d6d19b5082c56ad5e82888593628f5') in 0.011404 seconds
Number of updated asset objects reloaded before import = 0
Number of asset objects unloaded after import = 3
========================================================================
Received Import Request.
  Time since last request: 0.002337 seconds.
  path: Assets/Tileset/Lava/lava_39.asset
  artifactKey: Guid(dbac4be9a0251ba4f9efd838cd232276) Importer(815301076,1909f56bfc062723c751e8b465ee728b)
Start importing Assets/Tileset/Lava/lava_39.asset using Guid(dbac4be9a0251ba4f9efd838cd232276) Importer(815301076,1909f56bfc062723c751e8b465ee728b)  -> (artifact id: '2236106f3042182be46881ea12f24529') in 0.009076 seconds
Number of updated asset objects reloaded before import = 0
Number of asset objects unloaded after import = 3
========================================================================
Received Import Request.
  Time since last request: 0.003129 seconds.
  path: Assets/Tileset/Lava/lava_43.asset
  artifactKey: Guid(783b8814fbcd0604d9e7ef8d03be5ee6) Importer(815301076,1909f56bfc062723c751e8b465ee728b)
Start importing Assets/Tileset/Lava/lava_43.asset using Guid(783b8814fbcd0604d9e7ef8d03be5ee6) Importer(815301076,1909f56bfc062723c751e8b465ee728b)  -> (artifact id: 'a2179ff886efa1f5ed20a86ed0190521') in 0.008703 seconds
Number of updated asset objects reloaded before import = 0
Number of asset objects unloaded after import = 3
========================================================================
Received Import Request.
  Time since last request: 0.032096 seconds.
  path: Assets/Tileset/Lava/lava_55.asset
  artifactKey: Guid(4d92e122b59ef2c4ba2c8318b1cf9eb8) Importer(815301076,1909f56bfc062723c751e8b465ee728b)
Start importing Assets/Tileset/Lava/lava_55.asset using Guid(4d92e122b59ef2c4ba2c8318b1cf9eb8) Importer(815301076,1909f56bfc062723c751e8b465ee728b)  -> (artifact id: 'd92d2776ab5db5ba73b7ca20b5fcecef') in 0.008747 seconds
Number of updated asset objects reloaded before import = 0
Number of asset objects unloaded after import = 3
========================================================================
Received Import Request.
  Time since last request: 0.010432 seconds.
  path: Assets/Tileset/Lava/lava_61.asset
  artifactKey: Guid(f3a04f4de823cbe47805d9eadb3418ac) Importer(815301076,1909f56bfc062723c751e8b465ee728b)
Start importing Assets/Tileset/Lava/lava_61.asset using Guid(f3a04f4de823cbe47805d9eadb3418ac) Importer(815301076,1909f56bfc062723c751e8b465ee728b)  -> (artifact id: 'd0c0dde43c1e4e476f859cddf031a7a5') in 0.007703 seconds
Number of updated asset objects reloaded before import = 0
Number of asset objects unloaded after import = 3
========================================================================
Received Import Request.
  Time since last request: 0.004563 seconds.
  path: Assets/Tileset/Lava/lava_65.asset
  artifactKey: Guid(85415bd52748cb749a623a32d8e5529c) Importer(815301076,1909f56bfc062723c751e8b465ee728b)
Start importing Assets/Tileset/Lava/lava_65.asset using Guid(85415bd52748cb749a623a32d8e5529c) Importer(815301076,1909f56bfc062723c751e8b465ee728b)  -> (artifact id: 'c5ccfd127ef80f24ab4ea32a770b8e52') in 0.007381 seconds
Number of updated asset objects reloaded before import = 0
Number of asset objects unloaded after import = 3
========================================================================
Received Import Request.
  Time since last request: 0.006690 seconds.
  path: Assets/Tileset/Lava/lava_69.asset
  artifactKey: Guid(91eae373586b7a94aa58a547f7156990) Importer(815301076,1909f56bfc062723c751e8b465ee728b)
Start importing Assets/Tileset/Lava/lava_69.asset using Guid(91eae373586b7a94aa58a547f7156990) Importer(815301076,1909f56bfc062723c751e8b465ee728b)  -> (artifact id: 'b8fb7421c34c018303a28280b56592b5') in 0.007239 seconds
Number of updated asset objects reloaded before import = 0
Number of asset objects unloaded after import = 3
========================================================================
Received Import Request.
  Time since last request: 129.618439 seconds.
  path: Assets/Tileset/Lava/tileset_lava_20.asset
  artifactKey: Guid(c3fa3d6b14a379d40861f3ea709674da) Importer(815301076,1909f56bfc062723c751e8b465ee728b)
Start importing Assets/Tileset/Lava/tileset_lava_20.asset using Guid(c3fa3d6b14a379d40861f3ea709674da) Importer(815301076,1909f56bfc062723c751e8b465ee728b)  -> (artifact id: '53019611d39a373050a2b6ef6de0348c') in 0.004597 seconds
Number of updated asset objects reloaded before import = 0
Number of asset objects unloaded after import = 3
========================================================================
Received Import Request.
  Time since last request: 0.000148 seconds.
  path: Assets/Tileset/Lava/tileset_lava_23.asset
  artifactKey: Guid(1c1e1f63e429ee441b78d60038d508e5) Importer(815301076,1909f56bfc062723c751e8b465ee728b)
Start importing Assets/Tileset/Lava/tileset_lava_23.asset using Guid(1c1e1f63e429ee441b78d60038d508e5) Importer(815301076,1909f56bfc062723c751e8b465ee728b)  -> (artifact id: '285feb1b995861ec8ce1fcf6907519a8') in 0.003837 seconds
Number of updated asset objects reloaded before import = 0
Number of asset objects unloaded after import = 3
========================================================================
Received Import Request.
  Time since last request: 0.032038 seconds.
  path: Assets/Tileset/Lava/tileset_lava_22.asset
  artifactKey: Guid(f0ccf95dce688af47bc69f2b9b2ae6c6) Importer(815301076,1909f56bfc062723c751e8b465ee728b)
Start importing Assets/Tileset/Lava/tileset_lava_22.asset using Guid(f0ccf95dce688af47bc69f2b9b2ae6c6) Importer(815301076,1909f56bfc062723c751e8b465ee728b)  -> (artifact id: '9940260f77f27a467c4f68a605c1c69a') in 0.011043 seconds
Number of updated asset objects reloaded before import = 0
Number of asset objects unloaded after import = 3
========================================================================
Received Import Request.
  Time since last request: 0.000045 seconds.
  path: Assets/Tileset/Lava/tileset_lava_27.asset
  artifactKey: Guid(81f321ee3b869b2498c4af876674adc2) Importer(815301076,1909f56bfc062723c751e8b465ee728b)
Start importing Assets/Tileset/Lava/tileset_lava_27.asset using Guid(81f321ee3b869b2498c4af876674adc2) Importer(815301076,1909f56bfc062723c751e8b465ee728b)  -> (artifact id: '4822ac87d39acf1b2d690ff84488d84f') in 0.010452 seconds
Number of updated asset objects reloaded before import = 0
Number of asset objects unloaded after import = 3
========================================================================
Received Import Request.
  Time since last request: 0.000044 seconds.
  path: Assets/Tileset/Lava/tileset_lava_29.asset
  artifactKey: Guid(d2634c52260690f488c9ce3cdb9bcda4) Importer(815301076,1909f56bfc062723c751e8b465ee728b)
Start importing Assets/Tileset/Lava/tileset_lava_29.asset using Guid(d2634c52260690f488c9ce3cdb9bcda4) Importer(815301076,1909f56bfc062723c751e8b465ee728b)  -> (artifact id: 'd018a6d6187ff0de0d8a3237daaadbae') in 0.006951 seconds
Number of updated asset objects reloaded before import = 0
Number of asset objects unloaded after import = 3
========================================================================
Received Import Request.
  Time since last request: 0.000187 seconds.
  path: Assets/Tileset/Lava/tileset_lava_24.asset
  artifactKey: Guid(3c4331ab5ecd21740843f8f2d68260fc) Importer(815301076,1909f56bfc062723c751e8b465ee728b)
Start importing Assets/Tileset/Lava/tileset_lava_24.asset using Guid(3c4331ab5ecd21740843f8f2d68260fc) Importer(815301076,1909f56bfc062723c751e8b465ee728b)  -> (artifact id: 'c2e857eaa4888d71848d04f312fe91db') in 0.007167 seconds
Number of updated asset objects reloaded before import = 0
Number of asset objects unloaded after import = 3
========================================================================
Received Import Request.
  Time since last request: 0.517730 seconds.
  path: Assets/Tileset/Lava/tileset_lava_32.asset
  artifactKey: Guid(e353aae91b25a1c4d8b6040bb61f3c05) Importer(815301076,1909f56bfc062723c751e8b465ee728b)
Start importing Assets/Tileset/Lava/tileset_lava_32.asset using Guid(e353aae91b25a1c4d8b6040bb61f3c05) Importer(815301076,1909f56bfc062723c751e8b465ee728b)  -> (artifact id: '7a6a02aaacb9c0937a53857d1f6a4648') in 0.005396 seconds
Number of updated asset objects reloaded before import = 0
Number of asset objects unloaded after import = 3
========================================================================
Received Import Request.
  Time since last request: 0.000016 seconds.
  path: Assets/Tileset/Lava/tileset_lava_34.asset
  artifactKey: Guid(f5a03d6f1ea208a42a42e0c0577c03b3) Importer(815301076,1909f56bfc062723c751e8b465ee728b)
Start importing Assets/Tileset/Lava/tileset_lava_34.asset using Guid(f5a03d6f1ea208a42a42e0c0577c03b3) Importer(815301076,1909f56bfc062723c751e8b465ee728b)  -> (artifact id: 'a4eb9daac4a84fefb919d76bc00c0e62') in 0.003637 seconds
Number of updated asset objects reloaded before import = 0
Number of asset objects unloaded after import = 3
========================================================================
Received Import Request.
  Time since last request: 0.000012 seconds.
  path: Assets/Tileset/Lava/tileset_lava_37.asset
  artifactKey: Guid(f8f19174435436a498b35f04034f8bff) Importer(815301076,1909f56bfc062723c751e8b465ee728b)
Start importing Assets/Tileset/Lava/tileset_lava_37.asset using Guid(f8f19174435436a498b35f04034f8bff) Importer(815301076,1909f56bfc062723c751e8b465ee728b)  -> (artifact id: '96fb7b3001302222daf45118167310cd') in 0.004413 seconds
Number of updated asset objects reloaded before import = 0
Number of asset objects unloaded after import = 3
========================================================================
Received Import Request.
  Time since last request: 0.000011 seconds.
  path: Assets/Tileset/Lava/tileset_lava_40.asset
  artifactKey: Guid(b3192f0c684b93e48b90309a38ccb1f1) Importer(815301076,1909f56bfc062723c751e8b465ee728b)
Start importing Assets/Tileset/Lava/tileset_lava_40.asset using Guid(b3192f0c684b93e48b90309a38ccb1f1) Importer(815301076,1909f56bfc062723c751e8b465ee728b)  -> (artifact id: 'a8673ef898b030e83e01d9b04646a29c') in 0.004800 seconds
Number of updated asset objects reloaded before import = 0
Number of asset objects unloaded after import = 3
========================================================================
Received Import Request.
  Time since last request: 0.000022 seconds.
  path: Assets/Tileset/Lava/tileset_lava_35.asset
  artifactKey: Guid(77633b375e88aba4599425eaf3260e7c) Importer(815301076,1909f56bfc062723c751e8b465ee728b)
Start importing Assets/Tileset/Lava/tileset_lava_35.asset using Guid(77633b375e88aba4599425eaf3260e7c) Importer(815301076,1909f56bfc062723c751e8b465ee728b)  -> (artifact id: '37823558514deea29175391b216b5b1c') in 0.005426 seconds
Number of updated asset objects reloaded before import = 0
Number of asset objects unloaded after import = 3
Editor requested this worker to shutdown with reason: Scaling down because of idle timeout
TcpMessagingSession - receive error: operation aborted. errorcode: 995, details: Bir iþ parçacýðý çýkýþý veya bir uygulama isteði nedeniyle G/Ç iþlemi iptal edildi.
AssetImportWorker is now disconnected from the server
Process exiting
Exiting without the bug reporter. Application will terminate with return code 0