Using pre-set license
Built from '2022.3/staging' branch; Version is '2022.3.11f1 (d00248457e15) revision 13632072'; Using compiler version '192829333'; Build Type 'Release'
OS: 'Windows 11  (10.0.22621) 64bit CoreSingleLanguage' Language: 'tr' Physical Memory: 16052 MB
BatchMode: 1, IsHumanControllingUs: 0, StartBugReporterOnCrash: 0, Is64bit: 1, IsPro: 1

COMMAND LINE ARGUMENTS:
C:\Program Files\Unity\Hub\Editor\2022.3.11f1\Editor\Unity.exe
-adb2
-batchMode
-noUpm
-name
AssetImportWorker7
-projectPath
C:/Users/murat/Project_Jam
-logFile
Logs/AssetImportWorker7.log
-srvPort
57722
Successfully changed project path to: C:/Users/murat/Project_Jam
C:/Users/murat/Project_Jam
[UnityMemory] Configuration Parameters - Can be set up in boot.config
    "memorysetup-bucket-allocator-granularity=16"
    "memorysetup-bucket-allocator-bucket-count=8"
    "memorysetup-bucket-allocator-block-size=33554432"
    "memorysetup-bucket-allocator-block-count=8"
    "memorysetup-main-allocator-block-size=16777216"
    "memorysetup-thread-allocator-block-size=16777216"
    "memorysetup-gfx-main-allocator-block-size=16777216"
    "memorysetup-gfx-thread-allocator-block-size=16777216"
    "memorysetup-cache-allocator-block-size=4194304"
    "memorysetup-typetree-allocator-block-size=2097152"
    "memorysetup-profiler-bucket-allocator-granularity=16"
    "memorysetup-profiler-bucket-allocator-bucket-count=8"
    "memorysetup-profiler-bucket-allocator-block-size=33554432"
    "memorysetup-profiler-bucket-allocator-block-count=8"
    "memorysetup-profiler-allocator-block-size=16777216"
    "memorysetup-profiler-editor-allocator-block-size=1048576"
    "memorysetup-temp-allocator-size-main=16777216"
    "memorysetup-job-temp-allocator-block-size=2097152"
    "memorysetup-job-temp-allocator-block-size-background=1048576"
    "memorysetup-job-temp-allocator-reduction-small-platforms=262144"
    "memorysetup-allocator-temp-initial-block-size-main=262144"
    "memorysetup-allocator-temp-initial-block-size-worker=262144"
    "memorysetup-temp-allocator-size-background-worker=32768"
    "memorysetup-temp-allocator-size-job-worker=262144"
    "memorysetup-temp-allocator-size-preload-manager=33554432"
    "memorysetup-temp-allocator-size-nav-mesh-worker=65536"
    "memorysetup-temp-allocator-size-audio-worker=65536"
    "memorysetup-temp-allocator-size-cloud-worker=32768"
    "memorysetup-temp-allocator-size-gi-baking-worker=262144"
    "memorysetup-temp-allocator-size-gfx=262144"
Player connection [9644] Host "[IP] 192.168.1.28 [Port] 0 [Flags] 2 [Guid] 2337800658 [EditorId] 2337800658 [Version] 1048832 [Id] WindowsEditor(7,anubis) [Debug] 1 [PackageName] WindowsEditor [ProjectName] Editor" joined multi-casting on [225.0.0.222:54997]...

Player connection [9644] Host "[IP] 192.168.1.28 [Port] 0 [Flags] 2 [Guid] 2337800658 [EditorId] 2337800658 [Version] 1048832 [Id] WindowsEditor(7,anubis) [Debug] 1 [PackageName] WindowsEditor [ProjectName] Editor" joined alternative multi-casting on [225.0.0.222:34997]...

[Physics::Module] Initialized MultithreadedJobDispatcher with 15 workers.
Refreshing native plugins compatible for Editor in 7.77 ms, found 4 plugins.
Preloading 0 native plugins for Editor in 0.00 ms.
Initialize engine version: 2022.3.11f1 (d00248457e15)
[Subsystems] Discovering subsystems at path C:/Program Files/Unity/Hub/Editor/2022.3.11f1/Editor/Data/Resources/UnitySubsystems
[Subsystems] Discovering subsystems at path C:/Users/murat/Project_Jam/Assets
GfxDevice: creating device client; threaded=0; jobified=0
Direct3D:
    Version:  Direct3D 11.0 [level 11.1]
    Renderer: NVIDIA GeForce RTX 3060 Laptop GPU (ID=0x2520)
    Vendor:   NVIDIA
    VRAM:     6010 MB
    Driver:   31.0.15.4633
Initialize mono
Mono path[0] = 'C:/Program Files/Unity/Hub/Editor/2022.3.11f1/Editor/Data/Managed'
Mono path[1] = 'C:/Program Files/Unity/Hub/Editor/2022.3.11f1/Editor/Data/MonoBleedingEdge/lib/mono/unityjit-win32'
Mono config path = 'C:/Program Files/Unity/Hub/Editor/2022.3.11f1/Editor/Data/MonoBleedingEdge/etc'
Using monoOptions --debugger-agent=transport=dt_socket,embedding=1,server=y,suspend=n,address=127.0.0.1:56184
Begin MonoManager ReloadAssembly
Registering precompiled unity dll's ...
Register platform support module: C:/Program Files/Unity/Hub/Editor/2022.3.11f1/Editor/Data/PlaybackEngines/WebGLSupport/UnityEditor.WebGL.Extensions.dll
Register platform support module: C:/Program Files/Unity/Hub/Editor/2022.3.11f1/Editor/Data/PlaybackEngines/WindowsStandaloneSupport/UnityEditor.WindowsStandalone.Extensions.dll
Registered in 0.006068 seconds.
- Loaded All Assemblies, in  0.291 seconds
Native extension for WindowsStandalone target not found
Native extension for WebGL target not found
Mono: successfully reloaded assembly
- Finished resetting the current domain, in  0.193 seconds
Domain Reload Profiling: 482ms
	BeginReloadAssembly (99ms)
		ExecutionOrderSort (0ms)
		DisableScriptedObjects (0ms)
		BackupInstance (0ms)
		ReleaseScriptingObjects (0ms)
		CreateAndSetChildDomain (1ms)
	RebuildCommonClasses (25ms)
	RebuildNativeTypeToScriptingClass (8ms)
	initialDomainReloadingComplete (50ms)
	LoadAllAssembliesAndSetupDomain (107ms)
		LoadAssemblies (98ms)
		RebuildTransferFunctionScriptingTraits (0ms)
		AnalyzeDomain (104ms)
			TypeCache.Refresh (103ms)
				TypeCache.ScanAssembly (94ms)
			ScanForSourceGeneratedMonoScriptInfo (0ms)
			ResolveRequiredComponents (0ms)
	FinalizeReload (193ms)
		ReleaseScriptCaches (0ms)
		RebuildScriptCaches (0ms)
		SetupLoadedEditorAssemblies (151ms)
			LogAssemblyErrors (0ms)
			InitializePlatformSupportModulesInManaged (9ms)
			SetLoadedEditorAssemblies (4ms)
			RefreshPlugins (0ms)
			BeforeProcessingInitializeOnLoad (2ms)
			ProcessInitializeOnLoadAttributes (97ms)
			ProcessInitializeOnLoadMethodAttributes (39ms)
			AfterProcessingInitializeOnLoad (0ms)
			EditorAssembliesLoaded (0ms)
		ExecutionOrderSort2 (0ms)
		AwakeInstancesAfterBackupRestoration (0ms)
========================================================================
Worker process is ready to serve import requests
Begin MonoManager ReloadAssembly
- Loaded All Assemblies, in  0.504 seconds
Refreshing native plugins compatible for Editor in 3.12 ms, found 4 plugins.
Native extension for WindowsStandalone target not found
Native extension for WebGL target not found
Package Manager log level set to [2]
[Package Manager] Server::EnsureServerProcessIsRunning -- launch failed, reason: Unity was launched with the -noUpm command-line argument
[Package Manager] UpmClient::Send -- Unable to send message (not connected to UPM process).
[Package Manager] Cannot connect to Unity Package Manager local server
Mono: successfully reloaded assembly
- Finished resetting the current domain, in  0.572 seconds
Domain Reload Profiling: 1073ms
	BeginReloadAssembly (109ms)
		ExecutionOrderSort (0ms)
		DisableScriptedObjects (4ms)
		BackupInstance (0ms)
		ReleaseScriptingObjects (0ms)
		CreateAndSetChildDomain (16ms)
	RebuildCommonClasses (24ms)
	RebuildNativeTypeToScriptingClass (7ms)
	initialDomainReloadingComplete (34ms)
	LoadAllAssembliesAndSetupDomain (327ms)
		LoadAssemblies (251ms)
		RebuildTransferFunctionScriptingTraits (0ms)
		AnalyzeDomain (139ms)
			TypeCache.Refresh (117ms)
				TypeCache.ScanAssembly (104ms)
			ScanForSourceGeneratedMonoScriptInfo (18ms)
			ResolveRequiredComponents (3ms)
	FinalizeReload (572ms)
		ReleaseScriptCaches (0ms)
		RebuildScriptCaches (0ms)
		SetupLoadedEditorAssemblies (446ms)
			LogAssemblyErrors (0ms)
			InitializePlatformSupportModulesInManaged (6ms)
			SetLoadedEditorAssemblies (2ms)
			RefreshPlugins (0ms)
			BeforeProcessingInitializeOnLoad (50ms)
			ProcessInitializeOnLoadAttributes (350ms)
			ProcessInitializeOnLoadMethodAttributes (33ms)
			AfterProcessingInitializeOnLoad (5ms)
			EditorAssembliesLoaded (0ms)
		ExecutionOrderSort2 (0ms)
		AwakeInstancesAfterBackupRestoration (5ms)
Launched and connected shader compiler UnityShaderCompiler.exe after 0.06 seconds
Refreshing native plugins compatible for Editor in 3.32 ms, found 4 plugins.
Preloading 0 native plugins for Editor in 0.00 ms.
Unloading 4016 Unused Serialized files (Serialized files now loaded: 0)
Unloading 70 unused Assets / (245.3 KB). Loaded Objects now: 4473.
Memory consumption went from 143.3 MB to 143.1 MB.
Total: 3.098900 ms (FindLiveObjects: 0.207500 ms CreateObjectMapping: 0.097800 ms MarkObjects: 2.639700 ms  DeleteObjects: 0.153200 ms)

AssetImportParameters requested are different than current active one (requested -> active):
  custom:container-demuxer-ogg: 62fdf1f143b41e24485cea50d1cbac27 -> 
  custom:video-codec-MediaFoundation-h265: 746d11721c4dcdbdad8f713fa42b33f4 -> 
  custom:video-decoder-ogg-theora: a1e56fd34408186e4bbccfd4996cb3dc -> 
  custom:framework-win-MediaFoundation: 216162199b28c13a410421893ffa2e32 -> 
  custom:CustomObjectIndexerAttribute: 756ad292c208cfabdd7b50bc23989ffe -> 
  custom:container-demuxer-webm: 4f35f7cbe854078d1ac9338744f61a02 -> 
  custom:container-muxer-webm: aa71ff27fc2769a1b78a27578f13a17b -> 
  custom:video-decoder-webm-vp8: 9c59270c3fd7afecdb556c50c9e8de78 -> 
  custom:SearchIndexIgnoredProperties: e643bd26f0fe6173181afceb89e7c659 -> 
  custom:AudioImporter_EditorPlatform: d09bf68614088b80899f8185d706f6e7 -> 
  custom:video-encoder-webm-vp8: eb34c28f22e8b96e1ab97ce403110664 -> 
  custom:audio-decoder-ogg-vorbis: bf7c407c2cedff20999df2af8eb42d56 -> 
  custom:audio-encoder-webm-vorbis: bf7c407c2cedff20999df2af8eb42d56 -> 
========================================================================
Received Import Request.
  Time since last request: 18319.055171 seconds.
  path: Assets/Tileset/Forest/tileset_forest_0 1.asset
  artifactKey: Guid(befe8db59ec297d4e9012734c6bfbc03) Importer(815301076,1909f56bfc062723c751e8b465ee728b)
Start importing Assets/Tileset/Forest/tileset_forest_0 1.asset using Guid(befe8db59ec297d4e9012734c6bfbc03) Importer(815301076,1909f56bfc062723c751e8b465ee728b)  -> (artifact id: '8b779700ffa5edfd7c1749069d8627d9') in 0.067077 seconds
Number of updated asset objects reloaded before import = 0
Number of asset objects unloaded after import = 3
========================================================================
Received Import Request.
  Time since last request: 0.000030 seconds.
  path: Assets/Tileset/Forest/tileset_forest_3 1.asset
  artifactKey: Guid(b9461604b502d67458bc4287259290b4) Importer(815301076,1909f56bfc062723c751e8b465ee728b)
Start importing Assets/Tileset/Forest/tileset_forest_3 1.asset using Guid(b9461604b502d67458bc4287259290b4) Importer(815301076,1909f56bfc062723c751e8b465ee728b)  -> (artifact id: 'c834c010ce10112c4180bf7b23fbe3fc') in 0.004965 seconds
Number of updated asset objects reloaded before import = 0
Number of asset objects unloaded after import = 3
========================================================================
Received Import Request.
  Time since last request: 0.000108 seconds.
  path: Assets/Tileset/Forest/tileset_forest_8 1.asset
  artifactKey: Guid(6aced513248be394ab648ab1126e0abf) Importer(815301076,1909f56bfc062723c751e8b465ee728b)
Start importing Assets/Tileset/Forest/tileset_forest_8 1.asset using Guid(6aced513248be394ab648ab1126e0abf) Importer(815301076,1909f56bfc062723c751e8b465ee728b)  -> (artifact id: 'b9ead8a1e0d5714ceed48d70a86ee020') in 0.004378 seconds
Number of updated asset objects reloaded before import = 0
Number of asset objects unloaded after import = 3
========================================================================
Received Import Request.
  Time since last request: 0.000069 seconds.
  path: Assets/Tileset/Forest/tileset_forest_4 1.asset
  artifactKey: Guid(ae4eac05f44956b44b3bb8670175846d) Importer(815301076,1909f56bfc062723c751e8b465ee728b)
Start importing Assets/Tileset/Forest/tileset_forest_4 1.asset using Guid(ae4eac05f44956b44b3bb8670175846d) Importer(815301076,1909f56bfc062723c751e8b465ee728b)  -> (artifact id: 'c6fd4c1da9745d755de0579d3e5a6e0c') in 0.009495 seconds
Number of updated asset objects reloaded before import = 0
Number of asset objects unloaded after import = 3
========================================================================
Received Import Request.
  Time since last request: 0.000095 seconds.
  path: Assets/Tileset/Forest/tileset_forest_11 1.asset
  artifactKey: Guid(9049b05b5a4771b4e949dd12302ab9fd) Importer(815301076,1909f56bfc062723c751e8b465ee728b)
Start importing Assets/Tileset/Forest/tileset_forest_11 1.asset using Guid(9049b05b5a4771b4e949dd12302ab9fd) Importer(815301076,1909f56bfc062723c751e8b465ee728b)  -> (artifact id: '5a0d02408abc4ad392e656526b30727e') in 0.003986 seconds
Number of updated asset objects reloaded before import = 0
Number of asset objects unloaded after import = 3
========================================================================
Received Import Request.
  Time since last request: 0.000053 seconds.
  path: Assets/Tileset/Forest/tileset_forest_14 1.asset
  artifactKey: Guid(bd9dac52be49f0f4eafa86693f7f5a33) Importer(815301076,1909f56bfc062723c751e8b465ee728b)
Start importing Assets/Tileset/Forest/tileset_forest_14 1.asset using Guid(bd9dac52be49f0f4eafa86693f7f5a33) Importer(815301076,1909f56bfc062723c751e8b465ee728b)  -> (artifact id: '4d8ff01ecf96c1ae7406b4f45e25c941') in 0.004320 seconds
Number of updated asset objects reloaded before import = 0
Number of asset objects unloaded after import = 3
========================================================================
Received Import Request.
  Time since last request: 0.000148 seconds.
  path: Assets/Tileset/Forest/tileset_forest_15 1.asset
  artifactKey: Guid(89f5d231e2021ad43b2da5261cf15da9) Importer(815301076,1909f56bfc062723c751e8b465ee728b)
Start importing Assets/Tileset/Forest/tileset_forest_15 1.asset using Guid(89f5d231e2021ad43b2da5261cf15da9) Importer(815301076,1909f56bfc062723c751e8b465ee728b)  -> (artifact id: '057c3bfe64ffba641dedc8b8a498f12c') in 0.005049 seconds
Number of updated asset objects reloaded before import = 0
Number of asset objects unloaded after import = 3
========================================================================
Received Import Request.
  Time since last request: 0.000060 seconds.
  path: Assets/Tileset/Forest/tileset_forest_2 1.asset
  artifactKey: Guid(fea2daeeb3eee1b48b55eedf56125bdb) Importer(815301076,1909f56bfc062723c751e8b465ee728b)
Start importing Assets/Tileset/Forest/tileset_forest_2 1.asset using Guid(fea2daeeb3eee1b48b55eedf56125bdb) Importer(815301076,1909f56bfc062723c751e8b465ee728b)  -> (artifact id: 'a4ee69e50c14edc01bdfcede2c94e272') in 0.004619 seconds
Number of updated asset objects reloaded before import = 0
Number of asset objects unloaded after import = 3
========================================================================
Received Import Request.
  Time since last request: 0.000127 seconds.
  path: Assets/Tileset/Forest/tileset_forest_18 1.asset
  artifactKey: Guid(4956a83052d9a644394518bc76f0adc6) Importer(815301076,1909f56bfc062723c751e8b465ee728b)
Start importing Assets/Tileset/Forest/tileset_forest_18 1.asset using Guid(4956a83052d9a644394518bc76f0adc6) Importer(815301076,1909f56bfc062723c751e8b465ee728b)  -> (artifact id: 'eb1b879fde5df1fc2116f2bbbd3035b0') in 0.004690 seconds
Number of updated asset objects reloaded before import = 0
Number of asset objects unloaded after import = 3
========================================================================
Received Import Request.
  Time since last request: 0.000128 seconds.
  path: Assets/Tileset/Forest/tileset_forest_16 1.asset
  artifactKey: Guid(4811d56f0c146674cbf521246815649f) Importer(815301076,1909f56bfc062723c751e8b465ee728b)
Start importing Assets/Tileset/Forest/tileset_forest_16 1.asset using Guid(4811d56f0c146674cbf521246815649f) Importer(815301076,1909f56bfc062723c751e8b465ee728b)  -> (artifact id: '9cb05fda5222237f5661d941ef039828') in 0.003954 seconds
Number of updated asset objects reloaded before import = 0
Number of asset objects unloaded after import = 3
========================================================================
Received Import Request.
  Time since last request: 0.000065 seconds.
  path: Assets/Tileset/Forest/tileset_forest_22 1.asset
  artifactKey: Guid(955092d16e00c614a87ce28bdb49d13f) Importer(815301076,1909f56bfc062723c751e8b465ee728b)
Start importing Assets/Tileset/Forest/tileset_forest_22 1.asset using Guid(955092d16e00c614a87ce28bdb49d13f) Importer(815301076,1909f56bfc062723c751e8b465ee728b)  -> (artifact id: '27111b7d7824fad4979cf94fae07f635') in 0.004443 seconds
Number of updated asset objects reloaded before import = 0
Number of asset objects unloaded after import = 3
========================================================================
Received Import Request.
  Time since last request: 0.000014 seconds.
  path: Assets/Tileset/Forest/tileset_forest_20 1.asset
  artifactKey: Guid(1eea6fc117fb16d478de373404e270f4) Importer(815301076,1909f56bfc062723c751e8b465ee728b)
Start importing Assets/Tileset/Forest/tileset_forest_20 1.asset using Guid(1eea6fc117fb16d478de373404e270f4) Importer(815301076,1909f56bfc062723c751e8b465ee728b)  -> (artifact id: '225b0b0bb3a7347ff340c088eae72ac5') in 0.006944 seconds
Number of updated asset objects reloaded before import = 0
Number of asset objects unloaded after import = 3
========================================================================
Received Import Request.
  Time since last request: 0.000030 seconds.
  path: Assets/Tileset/Forest/tileset_forest_13 1.asset
  artifactKey: Guid(aaf95b7c4deb59b4ebe74fad5ae362fe) Importer(815301076,1909f56bfc062723c751e8b465ee728b)
Start importing Assets/Tileset/Forest/tileset_forest_13 1.asset using Guid(aaf95b7c4deb59b4ebe74fad5ae362fe) Importer(815301076,1909f56bfc062723c751e8b465ee728b)  -> (artifact id: '18dd4af46e89626a0301b1e07085372b') in 0.004102 seconds
Number of updated asset objects reloaded before import = 0
Number of asset objects unloaded after import = 3
========================================================================
Received Import Request.
  Time since last request: 0.000016 seconds.
  path: Assets/Tileset/Forest/tileset_forest_17 1.asset
  artifactKey: Guid(eaeeb59bcb3797841a99792c5cd2fcc6) Importer(815301076,1909f56bfc062723c751e8b465ee728b)
Start importing Assets/Tileset/Forest/tileset_forest_17 1.asset using Guid(eaeeb59bcb3797841a99792c5cd2fcc6) Importer(815301076,1909f56bfc062723c751e8b465ee728b)  -> (artifact id: 'd2a74f7074b6627932222b804705e89a') in 0.005189 seconds
Number of updated asset objects reloaded before import = 0
Number of asset objects unloaded after import = 3
========================================================================
Received Import Request.
  Time since last request: 0.000013 seconds.
  path: Assets/Tileset/Forest/tileset_forest_10 1.asset
  artifactKey: Guid(1e11525a4d87c6046b556bf1c606714a) Importer(815301076,1909f56bfc062723c751e8b465ee728b)
Start importing Assets/Tileset/Forest/tileset_forest_10 1.asset using Guid(1e11525a4d87c6046b556bf1c606714a) Importer(815301076,1909f56bfc062723c751e8b465ee728b)  -> (artifact id: '5397e19eda8ea73e98a009642c86cb1e') in 0.007089 seconds
Number of updated asset objects reloaded before import = 0
Number of asset objects unloaded after import = 3
========================================================================
Received Import Request.
  Time since last request: 0.000016 seconds.
  path: Assets/Tileset/Forest/tileset_forest_1 1.asset
  artifactKey: Guid(49f2bcd99cebd05468afbd5742198404) Importer(815301076,1909f56bfc062723c751e8b465ee728b)
Start importing Assets/Tileset/Forest/tileset_forest_1 1.asset using Guid(49f2bcd99cebd05468afbd5742198404) Importer(815301076,1909f56bfc062723c751e8b465ee728b)  -> (artifact id: '2bbc90d5d97065f74009dba4b370ade6') in 0.006025 seconds
Number of updated asset objects reloaded before import = 0
Number of asset objects unloaded after import = 3
Editor requested this worker to shutdown with reason: Scaling down because of idle timeout
TcpMessagingSession - receive error
AssetImportWorkerClient::OnTransportError - code=2 error=End of file
AssetImportWorker is now disconnected from the server
Process exiting
Exiting without the bug reporter. Application will terminate with return code 0