Using pre-set license
Built from '2022.3/staging' branch; Version is '2022.3.11f1 (d00248457e15) revision 13632072'; Using compiler version '192829333'; Build Type 'Release'
OS: 'Windows 11  (10.0.22621) 64bit CoreSingleLanguage' Language: 'tr' Physical Memory: 16052 MB
BatchMode: 1, IsHumanControllingUs: 0, StartBugReporterOnCrash: 0, Is64bit: 1, IsPro: 1

COMMAND LINE ARGUMENTS:
C:\Program Files\Unity\Hub\Editor\2022.3.11f1\Editor\Unity.exe
-adb2
-batchMode
-noUpm
-name
AssetImportWorker0
-projectPath
C:/Users/murat/Project_Jam
-logFile
Logs/AssetImportWorker0.log
-srvPort
53253
Successfully changed project path to: C:/Users/murat/Project_Jam
C:/Users/murat/Project_Jam
[UnityMemory] Configuration Parameters - Can be set up in boot.config
    "memorysetup-bucket-allocator-granularity=16"
    "memorysetup-bucket-allocator-bucket-count=8"
    "memorysetup-bucket-allocator-block-size=33554432"
    "memorysetup-bucket-allocator-block-count=8"
    "memorysetup-main-allocator-block-size=16777216"
    "memorysetup-thread-allocator-block-size=16777216"
    "memorysetup-gfx-main-allocator-block-size=16777216"
    "memorysetup-gfx-thread-allocator-block-size=16777216"
    "memorysetup-cache-allocator-block-size=4194304"
    "memorysetup-typetree-allocator-block-size=2097152"
    "memorysetup-profiler-bucket-allocator-granularity=16"
    "memorysetup-profiler-bucket-allocator-bucket-count=8"
    "memorysetup-profiler-bucket-allocator-block-size=33554432"
    "memorysetup-profiler-bucket-allocator-block-count=8"
    "memorysetup-profiler-allocator-block-size=16777216"
    "memorysetup-profiler-editor-allocator-block-size=1048576"
    "memorysetup-temp-allocator-size-main=16777216"
    "memorysetup-job-temp-allocator-block-size=2097152"
    "memorysetup-job-temp-allocator-block-size-background=1048576"
    "memorysetup-job-temp-allocator-reduction-small-platforms=262144"
    "memorysetup-allocator-temp-initial-block-size-main=262144"
    "memorysetup-allocator-temp-initial-block-size-worker=262144"
    "memorysetup-temp-allocator-size-background-worker=32768"
    "memorysetup-temp-allocator-size-job-worker=262144"
    "memorysetup-temp-allocator-size-preload-manager=33554432"
    "memorysetup-temp-allocator-size-nav-mesh-worker=65536"
    "memorysetup-temp-allocator-size-audio-worker=65536"
    "memorysetup-temp-allocator-size-cloud-worker=32768"
    "memorysetup-temp-allocator-size-gi-baking-worker=262144"
    "memorysetup-temp-allocator-size-gfx=262144"
Player connection [29980] Host "[IP] 192.168.1.28 [Port] 0 [Flags] 2 [Guid] 1025942826 [EditorId] 1025942826 [Version] 1048832 [Id] WindowsEditor(7,anubis) [Debug] 1 [PackageName] WindowsEditor [ProjectName] Editor" joined multi-casting on [225.0.0.222:54997]...

Player connection [29980] Host "[IP] 192.168.1.28 [Port] 0 [Flags] 2 [Guid] 1025942826 [EditorId] 1025942826 [Version] 1048832 [Id] WindowsEditor(7,anubis) [Debug] 1 [PackageName] WindowsEditor [ProjectName] Editor" joined alternative multi-casting on [225.0.0.222:34997]...

[Physics::Module] Initialized MultithreadedJobDispatcher with 15 workers.
Refreshing native plugins compatible for Editor in 9.00 ms, found 4 plugins.
Preloading 0 native plugins for Editor in 0.00 ms.
Initialize engine version: 2022.3.11f1 (d00248457e15)
[Subsystems] Discovering subsystems at path C:/Program Files/Unity/Hub/Editor/2022.3.11f1/Editor/Data/Resources/UnitySubsystems
[Subsystems] Discovering subsystems at path C:/Users/murat/Project_Jam/Assets
GfxDevice: creating device client; threaded=0; jobified=0
Direct3D:
    Version:  Direct3D 11.0 [level 11.1]
    Renderer: NVIDIA GeForce RTX 3060 Laptop GPU (ID=0x2520)
    Vendor:   NVIDIA
    VRAM:     6010 MB
    Driver:   31.0.15.4633
Initialize mono
Mono path[0] = 'C:/Program Files/Unity/Hub/Editor/2022.3.11f1/Editor/Data/Managed'
Mono path[1] = 'C:/Program Files/Unity/Hub/Editor/2022.3.11f1/Editor/Data/MonoBleedingEdge/lib/mono/unityjit-win32'
Mono config path = 'C:/Program Files/Unity/Hub/Editor/2022.3.11f1/Editor/Data/MonoBleedingEdge/etc'
Using monoOptions --debugger-agent=transport=dt_socket,embedding=1,server=y,suspend=n,address=127.0.0.1:56460
Begin MonoManager ReloadAssembly
Registering precompiled unity dll's ...
Register platform support module: C:/Program Files/Unity/Hub/Editor/2022.3.11f1/Editor/Data/PlaybackEngines/WebGLSupport/UnityEditor.WebGL.Extensions.dll
Register platform support module: C:/Program Files/Unity/Hub/Editor/2022.3.11f1/Editor/Data/PlaybackEngines/WindowsStandaloneSupport/UnityEditor.WindowsStandalone.Extensions.dll
Registered in 0.007334 seconds.
- Loaded All Assemblies, in  0.287 seconds
Native extension for WindowsStandalone target not found
Native extension for WebGL target not found
Mono: successfully reloaded assembly
- Finished resetting the current domain, in  0.209 seconds
Domain Reload Profiling: 494ms
	BeginReloadAssembly (90ms)
		ExecutionOrderSort (0ms)
		DisableScriptedObjects (0ms)
		BackupInstance (0ms)
		ReleaseScriptingObjects (0ms)
		CreateAndSetChildDomain (1ms)
	RebuildCommonClasses (25ms)
	RebuildNativeTypeToScriptingClass (8ms)
	initialDomainReloadingComplete (49ms)
	LoadAllAssembliesAndSetupDomain (115ms)
		LoadAssemblies (87ms)
		RebuildTransferFunctionScriptingTraits (0ms)
		AnalyzeDomain (113ms)
			TypeCache.Refresh (112ms)
				TypeCache.ScanAssembly (102ms)
			ScanForSourceGeneratedMonoScriptInfo (0ms)
			ResolveRequiredComponents (0ms)
	FinalizeReload (209ms)
		ReleaseScriptCaches (0ms)
		RebuildScriptCaches (0ms)
		SetupLoadedEditorAssemblies (160ms)
			LogAssemblyErrors (0ms)
			InitializePlatformSupportModulesInManaged (9ms)
			SetLoadedEditorAssemblies (4ms)
			RefreshPlugins (0ms)
			BeforeProcessingInitializeOnLoad (2ms)
			ProcessInitializeOnLoadAttributes (106ms)
			ProcessInitializeOnLoadMethodAttributes (39ms)
			AfterProcessingInitializeOnLoad (0ms)
			EditorAssembliesLoaded (0ms)
		ExecutionOrderSort2 (0ms)
		AwakeInstancesAfterBackupRestoration (0ms)
========================================================================
Worker process is ready to serve import requests
Begin MonoManager ReloadAssembly
- Loaded All Assemblies, in  0.556 seconds
Refreshing native plugins compatible for Editor in 3.60 ms, found 4 plugins.
Native extension for WindowsStandalone target not found
Native extension for WebGL target not found
Package Manager log level set to [2]
[Package Manager] Server::EnsureServerProcessIsRunning -- launch failed, reason: Unity was launched with the -noUpm command-line argument
[Package Manager] UpmClient::Send -- Unable to send message (not connected to UPM process).
[Package Manager] Cannot connect to Unity Package Manager local server
Mono: successfully reloaded assembly
- Finished resetting the current domain, in  0.672 seconds
Domain Reload Profiling: 1224ms
	BeginReloadAssembly (124ms)
		ExecutionOrderSort (0ms)
		DisableScriptedObjects (5ms)
		BackupInstance (0ms)
		ReleaseScriptingObjects (0ms)
		CreateAndSetChildDomain (18ms)
	RebuildCommonClasses (24ms)
	RebuildNativeTypeToScriptingClass (7ms)
	initialDomainReloadingComplete (36ms)
	LoadAllAssembliesAndSetupDomain (360ms)
		LoadAssemblies (285ms)
		RebuildTransferFunctionScriptingTraits (0ms)
		AnalyzeDomain (145ms)
			TypeCache.Refresh (124ms)
				TypeCache.ScanAssembly (110ms)
			ScanForSourceGeneratedMonoScriptInfo (17ms)
			ResolveRequiredComponents (3ms)
	FinalizeReload (672ms)
		ReleaseScriptCaches (0ms)
		RebuildScriptCaches (0ms)
		SetupLoadedEditorAssemblies (542ms)
			LogAssemblyErrors (0ms)
			InitializePlatformSupportModulesInManaged (6ms)
			SetLoadedEditorAssemblies (3ms)
			RefreshPlugins (0ms)
			BeforeProcessingInitializeOnLoad (60ms)
			ProcessInitializeOnLoadAttributes (437ms)
			ProcessInitializeOnLoadMethodAttributes (31ms)
			AfterProcessingInitializeOnLoad (5ms)
			EditorAssembliesLoaded (0ms)
		ExecutionOrderSort2 (0ms)
		AwakeInstancesAfterBackupRestoration (5ms)
Launched and connected shader compiler UnityShaderCompiler.exe after 0.07 seconds
Refreshing native plugins compatible for Editor in 3.80 ms, found 4 plugins.
Preloading 0 native plugins for Editor in 0.00 ms.
Unloading 4398 Unused Serialized files (Serialized files now loaded: 0)
Unloading 77 unused Assets / (246.7 KB). Loaded Objects now: 4856.
Memory consumption went from 151.0 MB to 150.8 MB.
Total: 3.191200 ms (FindLiveObjects: 0.213600 ms CreateObjectMapping: 0.116300 ms MarkObjects: 2.671700 ms  DeleteObjects: 0.188700 ms)

AssetImportParameters requested are different than current active one (requested -> active):
  custom:container-demuxer-ogg: 62fdf1f143b41e24485cea50d1cbac27 -> 
  custom:video-codec-MediaFoundation-h265: 746d11721c4dcdbdad8f713fa42b33f4 -> 
  custom:video-decoder-ogg-theora: a1e56fd34408186e4bbccfd4996cb3dc -> 
  custom:framework-win-MediaFoundation: 216162199b28c13a410421893ffa2e32 -> 
  custom:CustomObjectIndexerAttribute: 756ad292c208cfabdd7b50bc23989ffe -> 
  custom:container-demuxer-webm: 4f35f7cbe854078d1ac9338744f61a02 -> 
  custom:container-muxer-webm: aa71ff27fc2769a1b78a27578f13a17b -> 
  custom:video-decoder-webm-vp8: 9c59270c3fd7afecdb556c50c9e8de78 -> 
  custom:SearchIndexIgnoredProperties: e643bd26f0fe6173181afceb89e7c659 -> 
  custom:AudioImporter_EditorPlatform: d09bf68614088b80899f8185d706f6e7 -> 
  custom:video-encoder-webm-vp8: eb34c28f22e8b96e1ab97ce403110664 -> 
  custom:audio-decoder-ogg-vorbis: bf7c407c2cedff20999df2af8eb42d56 -> 
  custom:audio-encoder-webm-vorbis: bf7c407c2cedff20999df2af8eb42d56 -> 
========================================================================
Received Import Request.
  Time since last request: 24137.329371 seconds.
  path: Assets/Tileset/Lava/tileset_lava.png
  artifactKey: Guid(0835ea888a0f3b549aee5d599eb47d2b) Importer(815301076,1909f56bfc062723c751e8b465ee728b)
Start importing Assets/Tileset/Lava/tileset_lava.png using Guid(0835ea888a0f3b549aee5d599eb47d2b) Importer(815301076,1909f56bfc062723c751e8b465ee728b)  -> (artifact id: '17765fd0070aabd0a0dfa5586375d474') in 0.102084 seconds
Number of updated asset objects reloaded before import = 0
Number of asset objects unloaded after import = 3
========================================================================
Received Import Request.
  Time since last request: 4.149044 seconds.
  path: Assets/Tileset/Lava/tileset_dirt.png
  artifactKey: Guid(c52a672c769206841a4698b4c10707bf) Importer(815301076,1909f56bfc062723c751e8b465ee728b)
Start importing Assets/Tileset/Lava/tileset_dirt.png using Guid(c52a672c769206841a4698b4c10707bf) Importer(815301076,1909f56bfc062723c751e8b465ee728b)  -> (artifact id: '7b1c7c051e777b8de930b6357113e4f4') in 0.027681 seconds
Number of updated asset objects reloaded before import = 0
Number of asset objects unloaded after import = 3
========================================================================
Received Import Request.
  Time since last request: 11.217728 seconds.
  path: Assets/Tileset/Lava/lava.png
  artifactKey: Guid(ce72e6ddf7f2c39479ff76c2e88fbd0a) Importer(815301076,1909f56bfc062723c751e8b465ee728b)
Start importing Assets/Tileset/Lava/lava.png using Guid(ce72e6ddf7f2c39479ff76c2e88fbd0a) Importer(815301076,1909f56bfc062723c751e8b465ee728b)  -> (artifact id: '9e8f848483b7fe1d62d305b78034e633') in 0.020868 seconds
Number of updated asset objects reloaded before import = 0
Number of asset objects unloaded after import = 3
========================================================================
Received Import Request.
  Time since last request: 33.291361 seconds.
  path: Assets/Tileset/Lava/tileset_dirt.png
  artifactKey: Guid(c52a672c769206841a4698b4c10707bf) Importer(815301076,1909f56bfc062723c751e8b465ee728b)
Start importing Assets/Tileset/Lava/tileset_dirt.png using Guid(c52a672c769206841a4698b4c10707bf) Importer(815301076,1909f56bfc062723c751e8b465ee728b)  -> (artifact id: '2e3f574eebf0ff0c943a4c73d32a553d') in 0.014497 seconds
Number of updated asset objects reloaded before import = 0
Number of asset objects unloaded after import = 2
========================================================================
Received Import Request.
  Time since last request: 36.161572 seconds.
  path: Assets/Tileset/Lava/tileset_dirt.png
  artifactKey: Guid(c52a672c769206841a4698b4c10707bf) Importer(815301076,1909f56bfc062723c751e8b465ee728b)
Start importing Assets/Tileset/Lava/tileset_dirt.png using Guid(c52a672c769206841a4698b4c10707bf) Importer(815301076,1909f56bfc062723c751e8b465ee728b)  -> (artifact id: '8762b522c7bb73703af0ee0d7b07f5b9') in 0.074998 seconds
Number of updated asset objects reloaded before import = 0
Number of asset objects unloaded after import = 28
========================================================================
Received Import Request.
  Time since last request: 51.845952 seconds.
  path: Assets/Tileset/Lava/tileset_lava.png
  artifactKey: Guid(0835ea888a0f3b549aee5d599eb47d2b) Importer(815301076,1909f56bfc062723c751e8b465ee728b)
Start importing Assets/Tileset/Lava/tileset_lava.png using Guid(0835ea888a0f3b549aee5d599eb47d2b) Importer(815301076,1909f56bfc062723c751e8b465ee728b)  -> (artifact id: '02e3bcb360090da5f19bfa854f305da5') in 0.015065 seconds
Number of updated asset objects reloaded before import = 0
Number of asset objects unloaded after import = 2
========================================================================
Received Import Request.
  Time since last request: 8.453435 seconds.
  path: Assets/Tileset/Lava/tileset_lava.png
  artifactKey: Guid(0835ea888a0f3b549aee5d599eb47d2b) Importer(815301076,1909f56bfc062723c751e8b465ee728b)
Start importing Assets/Tileset/Lava/tileset_lava.png using Guid(0835ea888a0f3b549aee5d599eb47d2b) Importer(815301076,1909f56bfc062723c751e8b465ee728b)  -> (artifact id: '8fb59acdc51a2a99fbfcd849cde91771') in 0.116165 seconds
Number of updated asset objects reloaded before import = 0
Number of asset objects unloaded after import = 44
========================================================================
Received Import Request.
  Time since last request: 59.167870 seconds.
  path: Assets/Tileset/Lava/lava.png
  artifactKey: Guid(ce72e6ddf7f2c39479ff76c2e88fbd0a) Importer(815301076,1909f56bfc062723c751e8b465ee728b)
Start importing Assets/Tileset/Lava/lava.png using Guid(ce72e6ddf7f2c39479ff76c2e88fbd0a) Importer(815301076,1909f56bfc062723c751e8b465ee728b)  -> (artifact id: '8b70de2bc25a48af923100f508ff9043') in 0.013998 seconds
Number of updated asset objects reloaded before import = 0
Number of asset objects unloaded after import = 2
========================================================================
Received Import Request.
  Time since last request: 225.201651 seconds.
  path: Assets/Tileset/Lava/lava.png
  artifactKey: Guid(ce72e6ddf7f2c39479ff76c2e88fbd0a) Importer(815301076,1909f56bfc062723c751e8b465ee728b)
Start importing Assets/Tileset/Lava/lava.png using Guid(ce72e6ddf7f2c39479ff76c2e88fbd0a) Importer(815301076,1909f56bfc062723c751e8b465ee728b)  -> (artifact id: 'e46431af6e6848713c720bb10e1dcc35') in 0.129940 seconds
Number of updated asset objects reloaded before import = 0
Number of asset objects unloaded after import = 50
========================================================================
Received Import Request.
  Time since last request: 22.341087 seconds.
  path: Assets/Tileset/Lava/palette_Lava.prefab
  artifactKey: Guid(7b930eafe1e84b84299ba8ba247c0113) Importer(815301076,1909f56bfc062723c751e8b465ee728b)
Start importing Assets/Tileset/Lava/palette_Lava.prefab using Guid(7b930eafe1e84b84299ba8ba247c0113) Importer(815301076,1909f56bfc062723c751e8b465ee728b)  -> (artifact id: 'afe77c35a00d3cece0fe4ab7cd3b436b') in 0.045038 seconds
Number of updated asset objects reloaded before import = 0
Number of asset objects unloaded after import = 10
========================================================================
Received Import Request.
  Time since last request: 3.822658 seconds.
  path: Assets/Tileset/Lava/palette_Lava.prefab
  artifactKey: Guid(7b930eafe1e84b84299ba8ba247c0113) Importer(815301076,1909f56bfc062723c751e8b465ee728b)
Start importing Assets/Tileset/Lava/palette_Lava.prefab using Guid(7b930eafe1e84b84299ba8ba247c0113) Importer(815301076,1909f56bfc062723c751e8b465ee728b)  -> (artifact id: '248ce71dd79d1ce5b01e0080843661ed') in 0.110010 seconds
Number of updated asset objects reloaded before import = 0
Number of asset objects unloaded after import = 63
========================================================================
Received Import Request.
  Time since last request: 0.000024 seconds.
  path: Assets/Tileset/Lava/tileset_dirt_4.asset
  artifactKey: Guid(85fe1011992a94a42aceff345b4ecc6e) Importer(815301076,1909f56bfc062723c751e8b465ee728b)
Start importing Assets/Tileset/Lava/tileset_dirt_4.asset using Guid(85fe1011992a94a42aceff345b4ecc6e) Importer(815301076,1909f56bfc062723c751e8b465ee728b)  -> (artifact id: '4e11e5fdb0a025fdcc77430a40e0be0d') in 0.007283 seconds
Number of updated asset objects reloaded before import = 0
Number of asset objects unloaded after import = 3
========================================================================
Received Import Request.
  Time since last request: 0.000029 seconds.
  path: Assets/Tileset/Lava/tileset_dirt_20.asset
  artifactKey: Guid(d927e2fc600574b4ea99b206878c5d3c) Importer(815301076,1909f56bfc062723c751e8b465ee728b)
Start importing Assets/Tileset/Lava/tileset_dirt_20.asset using Guid(d927e2fc600574b4ea99b206878c5d3c) Importer(815301076,1909f56bfc062723c751e8b465ee728b)  -> (artifact id: 'ae60d895c39898509e7e8f59d2c9f344') in 0.005497 seconds
Number of updated asset objects reloaded before import = 0
Number of asset objects unloaded after import = 3
========================================================================
Received Import Request.
  Time since last request: 0.000025 seconds.
  path: Assets/Tileset/Lava/tileset_dirt_22.asset
  artifactKey: Guid(db91cd1d3b0a4e048bcc3a01abb38eb5) Importer(815301076,1909f56bfc062723c751e8b465ee728b)
Start importing Assets/Tileset/Lava/tileset_dirt_22.asset using Guid(db91cd1d3b0a4e048bcc3a01abb38eb5) Importer(815301076,1909f56bfc062723c751e8b465ee728b)  -> (artifact id: '27707f1780c46c46eeaee357c7f39348') in 0.003799 seconds
Number of updated asset objects reloaded before import = 0
Number of asset objects unloaded after import = 3
========================================================================
Received Import Request.
  Time since last request: 0.000074 seconds.
  path: Assets/Tileset/Lava/tileset_dirt_23.asset
  artifactKey: Guid(e44c7f3f8e5ff0b4da5943679887a772) Importer(815301076,1909f56bfc062723c751e8b465ee728b)
Start importing Assets/Tileset/Lava/tileset_dirt_23.asset using Guid(e44c7f3f8e5ff0b4da5943679887a772) Importer(815301076,1909f56bfc062723c751e8b465ee728b)  -> (artifact id: '1afe54fc534ed7a064b11010bcc31004') in 0.007302 seconds
Number of updated asset objects reloaded before import = 0
Number of asset objects unloaded after import = 3
========================================================================
Received Import Request.
  Time since last request: 0.000017 seconds.
  path: Assets/Tileset/Lava/tileset_dirt_25.asset
  artifactKey: Guid(380cce8e9a4c0084ba9a892b4a0cd7b3) Importer(815301076,1909f56bfc062723c751e8b465ee728b)
Start importing Assets/Tileset/Lava/tileset_dirt_25.asset using Guid(380cce8e9a4c0084ba9a892b4a0cd7b3) Importer(815301076,1909f56bfc062723c751e8b465ee728b)  -> (artifact id: '4ba7e824e116b411a5ac65fe3d9e262e') in 0.005485 seconds
Number of updated asset objects reloaded before import = 0
Number of asset objects unloaded after import = 3
========================================================================
Received Import Request.
  Time since last request: 0.000019 seconds.
  path: Assets/Tileset/Lava/tileset_dirt_12.asset
  artifactKey: Guid(f5ea7df4687b46c4e9398248ec4b2df2) Importer(815301076,1909f56bfc062723c751e8b465ee728b)
Start importing Assets/Tileset/Lava/tileset_dirt_12.asset using Guid(f5ea7df4687b46c4e9398248ec4b2df2) Importer(815301076,1909f56bfc062723c751e8b465ee728b)  -> (artifact id: 'befad2060d8a8373ee91d2146811aca2') in 0.005445 seconds
Number of updated asset objects reloaded before import = 0
Number of asset objects unloaded after import = 3
========================================================================
Received Import Request.
  Time since last request: 0.000020 seconds.
  path: Assets/Tileset/Lava/tileset_dirt_17.asset
  artifactKey: Guid(3cd0eec7219f14447a7bbf381c3ef862) Importer(815301076,1909f56bfc062723c751e8b465ee728b)
Start importing Assets/Tileset/Lava/tileset_dirt_17.asset using Guid(3cd0eec7219f14447a7bbf381c3ef862) Importer(815301076,1909f56bfc062723c751e8b465ee728b)  -> (artifact id: '28fb12f4caccb4fab77d099a9ada2faf') in 0.004773 seconds
Number of updated asset objects reloaded before import = 0
Number of asset objects unloaded after import = 3
========================================================================
Received Import Request.
  Time since last request: 0.000017 seconds.
  path: Assets/Tileset/Lava/tileset_dirt_18.asset
  artifactKey: Guid(fa2aa2d6255b1214f9e9c933a2fcd4bb) Importer(815301076,1909f56bfc062723c751e8b465ee728b)
Start importing Assets/Tileset/Lava/tileset_dirt_18.asset using Guid(fa2aa2d6255b1214f9e9c933a2fcd4bb) Importer(815301076,1909f56bfc062723c751e8b465ee728b)  -> (artifact id: '1bf4844ea2333ca66c8e3ae37a017032') in 0.006478 seconds
Number of updated asset objects reloaded before import = 0
Number of asset objects unloaded after import = 3
========================================================================
Received Import Request.
  Time since last request: 0.000015 seconds.
  path: Assets/Tileset/Lava/tileset_dirt_5.asset
  artifactKey: Guid(4eb4a967be5a31a40836f434829b9716) Importer(815301076,1909f56bfc062723c751e8b465ee728b)
Start importing Assets/Tileset/Lava/tileset_dirt_5.asset using Guid(4eb4a967be5a31a40836f434829b9716) Importer(815301076,1909f56bfc062723c751e8b465ee728b)  -> (artifact id: '6ccd1d7dd99223f14d895be1b310551d') in 0.006241 seconds
Number of updated asset objects reloaded before import = 0
Number of asset objects unloaded after import = 3
========================================================================
Received Import Request.
  Time since last request: 0.000025 seconds.
  path: Assets/Tileset/Lava/tileset_dirt_19.asset
  artifactKey: Guid(6bafec0f4cea9a54c901e14ffa595b0b) Importer(815301076,1909f56bfc062723c751e8b465ee728b)
Start importing Assets/Tileset/Lava/tileset_dirt_19.asset using Guid(6bafec0f4cea9a54c901e14ffa595b0b) Importer(815301076,1909f56bfc062723c751e8b465ee728b)  -> (artifact id: 'ab9b53d5377c54bfd3c7b3e677929916') in 0.005824 seconds
Number of updated asset objects reloaded before import = 0
Number of asset objects unloaded after import = 3
========================================================================
Received Import Request.
  Time since last request: 0.000020 seconds.
  path: Assets/Tileset/Lava/tileset_dirt_6.asset
  artifactKey: Guid(e3314dee42f19914b81ceb0beba359a5) Importer(815301076,1909f56bfc062723c751e8b465ee728b)
Start importing Assets/Tileset/Lava/tileset_dirt_6.asset using Guid(e3314dee42f19914b81ceb0beba359a5) Importer(815301076,1909f56bfc062723c751e8b465ee728b)  -> (artifact id: 'ab06369df097ced6fd83dfbdce33caf9') in 0.005958 seconds
Number of updated asset objects reloaded before import = 0
Number of asset objects unloaded after import = 3
========================================================================
Received Import Request.
  Time since last request: 9.892686 seconds.
  path: Assets/Tileset/Lava/tileset_lava_0.asset
  artifactKey: Guid(4046ba96204e5b040b90fba174d184f3) Importer(815301076,1909f56bfc062723c751e8b465ee728b)
Start importing Assets/Tileset/Lava/tileset_lava_0.asset using Guid(4046ba96204e5b040b90fba174d184f3) Importer(815301076,1909f56bfc062723c751e8b465ee728b)  -> (artifact id: '420ba82b938181e38939f69ca0193631') in 0.010726 seconds
Number of updated asset objects reloaded before import = 0
Number of asset objects unloaded after import = 3
========================================================================
Received Import Request.
  Time since last request: 0.000018 seconds.
  path: Assets/Tileset/Lava/tileset_lava_3.asset
  artifactKey: Guid(e7d78baf1a6df1b4dbceb881eace9607) Importer(815301076,1909f56bfc062723c751e8b465ee728b)
Start importing Assets/Tileset/Lava/tileset_lava_3.asset using Guid(e7d78baf1a6df1b4dbceb881eace9607) Importer(815301076,1909f56bfc062723c751e8b465ee728b)  -> (artifact id: '2505f380ff2651026f2bd14046abc2e3') in 0.007705 seconds
Number of updated asset objects reloaded before import = 0
Number of asset objects unloaded after import = 3
========================================================================
Received Import Request.
  Time since last request: 0.000028 seconds.
  path: Assets/Tileset/Lava/tileset_lava_4.asset
  artifactKey: Guid(668cd4ca6b4e489448058a89b1c91ba7) Importer(815301076,1909f56bfc062723c751e8b465ee728b)
Start importing Assets/Tileset/Lava/tileset_lava_4.asset using Guid(668cd4ca6b4e489448058a89b1c91ba7) Importer(815301076,1909f56bfc062723c751e8b465ee728b)  -> (artifact id: '2f73eac20445da863585f606ab1cd6ec') in 0.009253 seconds
Number of updated asset objects reloaded before import = 0
Number of asset objects unloaded after import = 3
========================================================================
Received Import Request.
  Time since last request: 0.000024 seconds.
  path: Assets/Tileset/Lava/tileset_lava_6.asset
  artifactKey: Guid(f71fe6e2a32cb5d418081a7969638363) Importer(815301076,1909f56bfc062723c751e8b465ee728b)
Start importing Assets/Tileset/Lava/tileset_lava_6.asset using Guid(f71fe6e2a32cb5d418081a7969638363) Importer(815301076,1909f56bfc062723c751e8b465ee728b)  -> (artifact id: 'ba5b00f89958c01b217a77c28311d0a1') in 0.008776 seconds
Number of updated asset objects reloaded before import = 0
Number of asset objects unloaded after import = 3
========================================================================
Received Import Request.
  Time since last request: 0.000019 seconds.
  path: Assets/Tileset/Lava/tileset_lava_11.asset
  artifactKey: Guid(4b018c834a9312846ba3e65d67aafd30) Importer(815301076,1909f56bfc062723c751e8b465ee728b)
Start importing Assets/Tileset/Lava/tileset_lava_11.asset using Guid(4b018c834a9312846ba3e65d67aafd30) Importer(815301076,1909f56bfc062723c751e8b465ee728b)  -> (artifact id: '2585b7c43e27a782b38816d1bae52df7') in 0.009197 seconds
Number of updated asset objects reloaded before import = 0
Number of asset objects unloaded after import = 3
========================================================================
Received Import Request.
  Time since last request: 0.000041 seconds.
  path: Assets/Tileset/Lava/tileset_lava_7.asset
  artifactKey: Guid(0ae08a0eaeb8adb42af81589b2ae1ba2) Importer(815301076,1909f56bfc062723c751e8b465ee728b)
Start importing Assets/Tileset/Lava/tileset_lava_7.asset using Guid(0ae08a0eaeb8adb42af81589b2ae1ba2) Importer(815301076,1909f56bfc062723c751e8b465ee728b)  -> (artifact id: 'fe3728d04bd38bfea15ce575eeeadb2e') in 0.008029 seconds
Number of updated asset objects reloaded before import = 0
Number of asset objects unloaded after import = 3
========================================================================
Received Import Request.
  Time since last request: 0.000206 seconds.
  path: Assets/Tileset/Lava/tileset_lava_15.asset
  artifactKey: Guid(03ac4904dd23ff2468b6f41bc5a052ae) Importer(815301076,1909f56bfc062723c751e8b465ee728b)
Start importing Assets/Tileset/Lava/tileset_lava_15.asset using Guid(03ac4904dd23ff2468b6f41bc5a052ae) Importer(815301076,1909f56bfc062723c751e8b465ee728b)  -> (artifact id: 'e3729c3551f2400b40b1445d2a28abeb') in 0.010611 seconds
Number of updated asset objects reloaded before import = 0
Number of asset objects unloaded after import = 3
========================================================================
Received Import Request.
  Time since last request: 0.000032 seconds.
  path: Assets/Tileset/Lava/tileset_lava_17.asset
  artifactKey: Guid(7a2f5651adb1f484693c05c0c97d5ea2) Importer(815301076,1909f56bfc062723c751e8b465ee728b)
Start importing Assets/Tileset/Lava/tileset_lava_17.asset using Guid(7a2f5651adb1f484693c05c0c97d5ea2) Importer(815301076,1909f56bfc062723c751e8b465ee728b)  -> (artifact id: 'aa52ef4145edf3bebe838f77bc0d3b9e') in 0.006936 seconds
Number of updated asset objects reloaded before import = 0
Number of asset objects unloaded after import = 3
========================================================================
Received Import Request.
  Time since last request: 0.000025 seconds.
  path: Assets/Tileset/Lava/tileset_lava_9.asset
  artifactKey: Guid(e2178bf0fb67b6b44b3962042b7f4694) Importer(815301076,1909f56bfc062723c751e8b465ee728b)
Start importing Assets/Tileset/Lava/tileset_lava_9.asset using Guid(e2178bf0fb67b6b44b3962042b7f4694) Importer(815301076,1909f56bfc062723c751e8b465ee728b)  -> (artifact id: 'd24140c77f2a7859032ab3c1ad99f7aa') in 0.010377 seconds
Number of updated asset objects reloaded before import = 0
Number of asset objects unloaded after import = 3
========================================================================
Received Import Request.
  Time since last request: 0.000023 seconds.
  path: Assets/Tileset/Lava/tileset_lava_18.asset
  artifactKey: Guid(78e2e7ab2f4a47143bd4e03d125fea15) Importer(815301076,1909f56bfc062723c751e8b465ee728b)
Start importing Assets/Tileset/Lava/tileset_lava_18.asset using Guid(78e2e7ab2f4a47143bd4e03d125fea15) Importer(815301076,1909f56bfc062723c751e8b465ee728b)  -> (artifact id: '87ba679f18da47c5a38c74da1654699a') in 0.005474 seconds
Number of updated asset objects reloaded before import = 0
Number of asset objects unloaded after import = 3
========================================================================
Received Import Request.
  Time since last request: 7.384543 seconds.
  path: Assets/Tileset/Lava/lava_24.asset
  artifactKey: Guid(913c5074b4d6a8f43bf5373a9a776091) Importer(815301076,1909f56bfc062723c751e8b465ee728b)
Start importing Assets/Tileset/Lava/lava_24.asset using Guid(913c5074b4d6a8f43bf5373a9a776091) Importer(815301076,1909f56bfc062723c751e8b465ee728b)  -> (artifact id: '7e3d74922a95a0b0fe8d1d1a62ee1744') in 0.009865 seconds
Number of updated asset objects reloaded before import = 0
Number of asset objects unloaded after import = 3
========================================================================
Received Import Request.
  Time since last request: 0.000021 seconds.
  path: Assets/Tileset/Lava/lava_27.asset
  artifactKey: Guid(9ad989dc7d9526046b94ea482a500f3c) Importer(815301076,1909f56bfc062723c751e8b465ee728b)
Start importing Assets/Tileset/Lava/lava_27.asset using Guid(9ad989dc7d9526046b94ea482a500f3c) Importer(815301076,1909f56bfc062723c751e8b465ee728b)  -> (artifact id: '0867cd85a3ae1d8bd333b0d72ac12394') in 0.011175 seconds
Number of updated asset objects reloaded before import = 0
Number of asset objects unloaded after import = 3
========================================================================
Received Import Request.
  Time since last request: 0.000014 seconds.
  path: Assets/Tileset/Lava/lava_31.asset
  artifactKey: Guid(383bf452628bdc14893d4eea7c6793fd) Importer(815301076,1909f56bfc062723c751e8b465ee728b)
Start importing Assets/Tileset/Lava/lava_31.asset using Guid(383bf452628bdc14893d4eea7c6793fd) Importer(815301076,1909f56bfc062723c751e8b465ee728b)  -> (artifact id: '54906e3248b8dd0a471093317c71f16d') in 0.009507 seconds
Number of updated asset objects reloaded before import = 0
Number of asset objects unloaded after import = 3
========================================================================
Received Import Request.
  Time since last request: 0.000026 seconds.
  path: Assets/Tileset/Lava/lava_32.asset
  artifactKey: Guid(443d7e62d91b1a049924d02691151613) Importer(815301076,1909f56bfc062723c751e8b465ee728b)
Start importing Assets/Tileset/Lava/lava_32.asset using Guid(443d7e62d91b1a049924d02691151613) Importer(815301076,1909f56bfc062723c751e8b465ee728b)  -> (artifact id: '9f322701fd04970faee3edf0d7091446') in 0.009455 seconds
Number of updated asset objects reloaded before import = 0
Number of asset objects unloaded after import = 3
========================================================================
Received Import Request.
  Time since last request: 0.000089 seconds.
  path: Assets/Tileset/Lava/lava_37.asset
  artifactKey: Guid(09249406f81531d4191375f39439ec17) Importer(815301076,1909f56bfc062723c751e8b465ee728b)
Start importing Assets/Tileset/Lava/lava_37.asset using Guid(09249406f81531d4191375f39439ec17) Importer(815301076,1909f56bfc062723c751e8b465ee728b)  -> (artifact id: 'c48d8ad08d9933e345c57dfd56547470') in 0.010046 seconds
Number of updated asset objects reloaded before import = 0
Number of asset objects unloaded after import = 3
========================================================================
Received Import Request.
  Time since last request: 0.000026 seconds.
  path: Assets/Tileset/Lava/lava_40.asset
  artifactKey: Guid(a387a313079b54544a1c09af8dd14a15) Importer(815301076,1909f56bfc062723c751e8b465ee728b)
Start importing Assets/Tileset/Lava/lava_40.asset using Guid(a387a313079b54544a1c09af8dd14a15) Importer(815301076,1909f56bfc062723c751e8b465ee728b)  -> (artifact id: '3cec3c2ba9253327d4af50460a098186') in 0.008724 seconds
Number of updated asset objects reloaded before import = 0
Number of asset objects unloaded after import = 3
========================================================================
Received Import Request.
  Time since last request: 0.002054 seconds.
  path: Assets/Tileset/Lava/lava_44.asset
  artifactKey: Guid(68564745af772164c9495c91a55cd01c) Importer(815301076,1909f56bfc062723c751e8b465ee728b)
Start importing Assets/Tileset/Lava/lava_44.asset using Guid(68564745af772164c9495c91a55cd01c) Importer(815301076,1909f56bfc062723c751e8b465ee728b)  -> (artifact id: '4bb9c862fe1029aa1848aeccfbdd0b9f') in 0.009065 seconds
Number of updated asset objects reloaded before import = 0
Number of asset objects unloaded after import = 3
========================================================================
Received Import Request.
  Time since last request: 0.001645 seconds.
  path: Assets/Tileset/Lava/lava_47.asset
  artifactKey: Guid(e8d32e9422df79a41928cf2ea966a1b1) Importer(815301076,1909f56bfc062723c751e8b465ee728b)
Start importing Assets/Tileset/Lava/lava_47.asset using Guid(e8d32e9422df79a41928cf2ea966a1b1) Importer(815301076,1909f56bfc062723c751e8b465ee728b)  -> (artifact id: '45c2f23101a533d91a9fb66665efa191') in 0.008321 seconds
Number of updated asset objects reloaded before import = 0
Number of asset objects unloaded after import = 3
========================================================================
Received Import Request.
  Time since last request: 0.001993 seconds.
  path: Assets/Tileset/Lava/lava_50.asset
  artifactKey: Guid(dfaa992dfa6fc854ea362eac31226bca) Importer(815301076,1909f56bfc062723c751e8b465ee728b)
Start importing Assets/Tileset/Lava/lava_50.asset using Guid(dfaa992dfa6fc854ea362eac31226bca) Importer(815301076,1909f56bfc062723c751e8b465ee728b)  -> (artifact id: '69f017466f48434a595e3a45b41f586a') in 0.007630 seconds
Number of updated asset objects reloaded before import = 0
Number of asset objects unloaded after import = 3
========================================================================
Received Import Request.
  Time since last request: 0.001150 seconds.
  path: Assets/Tileset/Lava/lava_53.asset
  artifactKey: Guid(92674fe70424a084f8c18954d2498746) Importer(815301076,1909f56bfc062723c751e8b465ee728b)
Start importing Assets/Tileset/Lava/lava_53.asset using Guid(92674fe70424a084f8c18954d2498746) Importer(815301076,1909f56bfc062723c751e8b465ee728b)  -> (artifact id: '92ef5456dd8e80985c33404860a361da') in 0.007878 seconds
Number of updated asset objects reloaded before import = 0
Number of asset objects unloaded after import = 3
========================================================================
Received Import Request.
  Time since last request: 0.001405 seconds.
  path: Assets/Tileset/Lava/lava_56.asset
  artifactKey: Guid(2d0612de800980a4aa2af43b3e2c07c8) Importer(815301076,1909f56bfc062723c751e8b465ee728b)
Start importing Assets/Tileset/Lava/lava_56.asset using Guid(2d0612de800980a4aa2af43b3e2c07c8) Importer(815301076,1909f56bfc062723c751e8b465ee728b)  -> (artifact id: '4e21151cd8fb36001fb436cef6627663') in 0.009305 seconds
Number of updated asset objects reloaded before import = 0
Number of asset objects unloaded after import = 3
========================================================================
Received Import Request.
  Time since last request: 0.000860 seconds.
  path: Assets/Tileset/Lava/lava_59.asset
  artifactKey: Guid(27b5719e27c380842b10cc8630da3cc9) Importer(815301076,1909f56bfc062723c751e8b465ee728b)
Start importing Assets/Tileset/Lava/lava_59.asset using Guid(27b5719e27c380842b10cc8630da3cc9) Importer(815301076,1909f56bfc062723c751e8b465ee728b)  -> (artifact id: '4e24e14cef43de06e3c820d6435176c8') in 0.007602 seconds
Number of updated asset objects reloaded before import = 0
Number of asset objects unloaded after import = 3
========================================================================
Received Import Request.
  Time since last request: 0.003939 seconds.
  path: Assets/Tileset/Lava/lava_63.asset
  artifactKey: Guid(a15e59392a6170844b7f9b71f296017f) Importer(815301076,1909f56bfc062723c751e8b465ee728b)
Start importing Assets/Tileset/Lava/lava_63.asset using Guid(a15e59392a6170844b7f9b71f296017f) Importer(815301076,1909f56bfc062723c751e8b465ee728b)  -> (artifact id: '8a53a4e8b9361fe7a83c78db9de83a24') in 0.009459 seconds
Number of updated asset objects reloaded before import = 0
Number of asset objects unloaded after import = 3
========================================================================
Received Import Request.
  Time since last request: 0.005104 seconds.
  path: Assets/Tileset/Lava/lava_67.asset
  artifactKey: Guid(d28ebb3503c7ed647a92cc78d0df832b) Importer(815301076,1909f56bfc062723c751e8b465ee728b)
Start importing Assets/Tileset/Lava/lava_67.asset using Guid(d28ebb3503c7ed647a92cc78d0df832b) Importer(815301076,1909f56bfc062723c751e8b465ee728b)  -> (artifact id: '60fc59111da4ac2fe0d4677046e4ce50') in 0.009469 seconds
Number of updated asset objects reloaded before import = 0
Number of asset objects unloaded after import = 3
Editor requested this worker to shutdown with reason: Scaling down because of idle timeout
TcpMessagingSession - receive error
AssetImportWorkerClient::OnTransportError - code=2 error=End of file
AssetImportWorker is now disconnected from the server
Process exiting
Exiting without the bug reporter. Application will terminate with return code 0